2018-02-20 10:16:10,978 [Worker-18] INFO  o.e.m.c.i.l.LifecycleMappingFactory - Using org.maven.ide.eclipse.wtp.WarLifecycleMapping lifecycle mapping for MavenProject: org.javasavvy.jersey-spring:GestiBankBrijanavi:0.0.1-SNAPSHOT @ C:\Users\gk\Documents\GitHub\base\GestiBankBrijanavi\pom.xml.
2018-02-20 10:16:11,243 [Worker-18] INFO  o.e.m.c.i.e.AbstractTransferListenerAdapter - Downloading http://repo1.maven.org/maven2/com/sun/jersey/jersey-bundle/1.9/jersey-bundle-1.9.pom
2018-02-20 10:16:11,275 [Worker-18] INFO  o.e.m.c.i.e.AbstractTransferListenerAdapter - Downloaded http://repo1.maven.org/maven2/com/sun/jersey/jersey-bundle/1.9/jersey-bundle-1.9.pom
2018-02-20 10:16:11,306 [Worker-18] INFO  o.e.m.c.i.e.AbstractTransferListenerAdapter - Downloading http://repo1.maven.org/maven2/com/sun/jersey/jersey-json/1.9/jersey-json-1.9.pom
2018-02-20 10:16:11,306 [Worker-18] INFO  o.e.m.c.i.e.AbstractTransferListenerAdapter - Downloaded http://repo1.maven.org/maven2/com/sun/jersey/jersey-json/1.9/jersey-json-1.9.pom
2018-02-20 10:16:11,321 [Worker-18] INFO  o.e.m.c.i.e.AbstractTransferListenerAdapter - Downloading http://repo1.maven.org/maven2/org/codehaus/jettison/jettison/1.1/jettison-1.1.pom
2018-02-20 10:16:11,337 [Worker-18] INFO  o.e.m.c.i.e.AbstractTransferListenerAdapter - Downloaded http://repo1.maven.org/maven2/org/codehaus/jettison/jettison/1.1/jettison-1.1.pom
2018-02-20 10:16:11,353 [Worker-18] INFO  o.e.m.c.i.e.AbstractTransferListenerAdapter - Downloading http://repo1.maven.org/maven2/stax/stax-api/1.0.1/stax-api-1.0.1.pom
2018-02-20 10:16:11,368 [Worker-18] INFO  o.e.m.c.i.e.AbstractTransferListenerAdapter - Downloaded http://repo1.maven.org/maven2/stax/stax-api/1.0.1/stax-api-1.0.1.pom
2018-02-20 10:16:11,384 [Worker-18] INFO  o.e.m.c.i.e.AbstractTransferListenerAdapter - Downloading http://repo1.maven.org/maven2/com/sun/xml/bind/jaxb-impl/2.2.3-1/jaxb-impl-2.2.3-1.pom
2018-02-20 10:16:11,399 [Worker-18] INFO  o.e.m.c.i.e.AbstractTransferListenerAdapter - Downloaded http://repo1.maven.org/maven2/com/sun/xml/bind/jaxb-impl/2.2.3-1/jaxb-impl-2.2.3-1.pom
2018-02-20 10:16:11,415 [Worker-18] INFO  o.e.m.c.i.e.AbstractTransferListenerAdapter - Downloading http://repo1.maven.org/maven2/javax/xml/bind/jaxb-api/2.2.2/jaxb-api-2.2.2.pom
2018-02-20 10:16:11,477 [Worker-18] INFO  o.e.m.c.i.e.AbstractTransferListenerAdapter - Downloaded http://repo1.maven.org/maven2/javax/xml/bind/jaxb-api/2.2.2/jaxb-api-2.2.2.pom
2018-02-20 10:16:11,477 [Worker-18] INFO  o.e.m.c.i.e.AbstractTransferListenerAdapter - Downloading http://repo1.maven.org/maven2/javax/xml/stream/stax-api/1.0-2/stax-api-1.0-2.pom
2018-02-20 10:16:11,493 [Worker-18] INFO  o.e.m.c.i.e.AbstractTransferListenerAdapter - Downloaded http://repo1.maven.org/maven2/javax/xml/stream/stax-api/1.0-2/stax-api-1.0-2.pom
2018-02-20 10:16:11,555 [Worker-18] INFO  o.e.m.c.i.e.AbstractTransferListenerAdapter - Downloading http://repo1.maven.org/maven2/javax/activation/activation/1.1/activation-1.1.pom
2018-02-20 10:16:11,571 [Worker-18] INFO  o.e.m.c.i.e.AbstractTransferListenerAdapter - Downloaded http://repo1.maven.org/maven2/javax/activation/activation/1.1/activation-1.1.pom
2018-02-20 10:16:11,618 [Worker-18] INFO  o.e.m.c.i.e.AbstractTransferListenerAdapter - Downloading http://repo1.maven.org/maven2/org/codehaus/jackson/jackson-core-asl/1.8.3/jackson-core-asl-1.8.3.pom
2018-02-20 10:16:11,633 [Worker-18] INFO  o.e.m.c.i.e.AbstractTransferListenerAdapter - Downloaded http://repo1.maven.org/maven2/org/codehaus/jackson/jackson-core-asl/1.8.3/jackson-core-asl-1.8.3.pom
2018-02-20 10:16:11,649 [Worker-18] INFO  o.e.m.c.i.e.AbstractTransferListenerAdapter - Downloading http://repo1.maven.org/maven2/org/codehaus/jackson/jackson-mapper-asl/1.8.3/jackson-mapper-asl-1.8.3.pom
2018-02-20 10:16:11,665 [Worker-18] INFO  o.e.m.c.i.e.AbstractTransferListenerAdapter - Downloaded http://repo1.maven.org/maven2/org/codehaus/jackson/jackson-mapper-asl/1.8.3/jackson-mapper-asl-1.8.3.pom
2018-02-20 10:16:11,665 [Worker-18] INFO  o.e.m.c.i.e.AbstractTransferListenerAdapter - Downloading http://repo1.maven.org/maven2/org/codehaus/jackson/jackson-jaxrs/1.8.3/jackson-jaxrs-1.8.3.pom
2018-02-20 10:16:11,680 [Worker-18] INFO  o.e.m.c.i.e.AbstractTransferListenerAdapter - Downloaded http://repo1.maven.org/maven2/org/codehaus/jackson/jackson-jaxrs/1.8.3/jackson-jaxrs-1.8.3.pom
2018-02-20 10:16:11,696 [Worker-18] INFO  o.e.m.c.i.e.AbstractTransferListenerAdapter - Downloading http://repo1.maven.org/maven2/org/codehaus/jackson/jackson-xc/1.8.3/jackson-xc-1.8.3.pom
2018-02-20 10:16:11,711 [Worker-18] INFO  o.e.m.c.i.e.AbstractTransferListenerAdapter - Downloaded http://repo1.maven.org/maven2/org/codehaus/jackson/jackson-xc/1.8.3/jackson-xc-1.8.3.pom
2018-02-20 10:16:11,727 [Worker-18] INFO  o.e.m.c.i.e.AbstractTransferListenerAdapter - Downloading http://repo1.maven.org/maven2/com/sun/jersey/contribs/jersey-spring/1.9/jersey-spring-1.9.pom
2018-02-20 10:16:11,758 [Worker-18] INFO  o.e.m.c.i.e.AbstractTransferListenerAdapter - Downloaded http://repo1.maven.org/maven2/com/sun/jersey/contribs/jersey-spring/1.9/jersey-spring-1.9.pom
2018-02-20 10:16:11,758 [Worker-18] INFO  o.e.m.c.i.e.AbstractTransferListenerAdapter - Downloading http://repo1.maven.org/maven2/com/sun/jersey/contribs/jersey-contribs/1.9/jersey-contribs-1.9.pom
2018-02-20 10:16:11,774 [Worker-18] INFO  o.e.m.c.i.e.AbstractTransferListenerAdapter - Downloaded http://repo1.maven.org/maven2/com/sun/jersey/contribs/jersey-contribs/1.9/jersey-contribs-1.9.pom
2018-02-20 10:16:11,852 [Worker-18] INFO  o.e.m.c.i.e.AbstractTransferListenerAdapter - Downloading http://repo1.maven.org/maven2/com/sun/jersey/jersey-bundle/1.9/jersey-bundle-1.9.jar
2018-02-20 10:16:12,023 [Worker-18] INFO  o.e.m.c.i.e.AbstractTransferListenerAdapter - Downloaded http://repo1.maven.org/maven2/com/sun/jersey/jersey-bundle/1.9/jersey-bundle-1.9.jar
2018-02-20 10:16:12,039 [Worker-18] INFO  o.e.m.c.i.e.AbstractTransferListenerAdapter - Downloading http://repo1.maven.org/maven2/com/sun/jersey/jersey-json/1.9/jersey-json-1.9.jar
2018-02-20 10:16:12,070 [Worker-18] INFO  o.e.m.c.i.e.AbstractTransferListenerAdapter - Downloaded http://repo1.maven.org/maven2/com/sun/jersey/jersey-json/1.9/jersey-json-1.9.jar
2018-02-20 10:16:12,070 [Worker-18] INFO  o.e.m.c.i.e.AbstractTransferListenerAdapter - Downloading http://repo1.maven.org/maven2/org/codehaus/jettison/jettison/1.1/jettison-1.1.jar
2018-02-20 10:16:12,086 [Worker-18] INFO  o.e.m.c.i.e.AbstractTransferListenerAdapter - Downloaded http://repo1.maven.org/maven2/org/codehaus/jettison/jettison/1.1/jettison-1.1.jar
2018-02-20 10:16:12,101 [Worker-18] INFO  o.e.m.c.i.e.AbstractTransferListenerAdapter - Downloading http://repo1.maven.org/maven2/stax/stax-api/1.0.1/stax-api-1.0.1.jar
2018-02-20 10:16:12,133 [Worker-18] INFO  o.e.m.c.i.e.AbstractTransferListenerAdapter - Downloaded http://repo1.maven.org/maven2/stax/stax-api/1.0.1/stax-api-1.0.1.jar
2018-02-20 10:16:12,133 [Worker-18] INFO  o.e.m.c.i.e.AbstractTransferListenerAdapter - Downloading http://repo1.maven.org/maven2/com/sun/xml/bind/jaxb-impl/2.2.3-1/jaxb-impl-2.2.3-1.jar
2018-02-20 10:16:12,226 [Worker-18] INFO  o.e.m.c.i.e.AbstractTransferListenerAdapter - Downloaded http://repo1.maven.org/maven2/com/sun/xml/bind/jaxb-impl/2.2.3-1/jaxb-impl-2.2.3-1.jar
2018-02-20 10:16:12,242 [Worker-18] INFO  o.e.m.c.i.e.AbstractTransferListenerAdapter - Downloading http://repo1.maven.org/maven2/javax/xml/bind/jaxb-api/2.2.2/jaxb-api-2.2.2.jar
2018-02-20 10:16:12,257 [Worker-18] INFO  o.e.m.c.i.e.AbstractTransferListenerAdapter - Downloaded http://repo1.maven.org/maven2/javax/xml/bind/jaxb-api/2.2.2/jaxb-api-2.2.2.jar
2018-02-20 10:16:12,273 [Worker-18] INFO  o.e.m.c.i.e.AbstractTransferListenerAdapter - Downloading http://repo1.maven.org/maven2/javax/xml/stream/stax-api/1.0-2/stax-api-1.0-2.jar
2018-02-20 10:16:12,289 [Worker-18] INFO  o.e.m.c.i.e.AbstractTransferListenerAdapter - Downloaded http://repo1.maven.org/maven2/javax/xml/stream/stax-api/1.0-2/stax-api-1.0-2.jar
2018-02-20 10:16:12,289 [Worker-18] INFO  o.e.m.c.i.e.AbstractTransferListenerAdapter - Downloading http://repo1.maven.org/maven2/javax/activation/activation/1.1/activation-1.1.jar
2018-02-20 10:16:12,304 [Worker-18] INFO  o.e.m.c.i.e.AbstractTransferListenerAdapter - Downloaded http://repo1.maven.org/maven2/javax/activation/activation/1.1/activation-1.1.jar
2018-02-20 10:16:12,335 [Worker-18] INFO  o.e.m.c.i.e.AbstractTransferListenerAdapter - Downloading http://repo1.maven.org/maven2/com/sun/jersey/contribs/jersey-spring/1.9/jersey-spring-1.9.jar
2018-02-20 10:16:12,351 [Worker-18] INFO  o.e.m.c.i.e.AbstractTransferListenerAdapter - Downloaded http://repo1.maven.org/maven2/com/sun/jersey/contribs/jersey-spring/1.9/jersey-spring-1.9.jar
2018-02-20 10:16:13,521 [Worker-18] INFO  o.e.m.j.i.AbstractJavaProjectConfigurator - Adding source folder /GestiBankBrijanavi/src/main/java
2018-02-20 10:16:13,521 [Worker-18] INFO  o.e.m.j.i.AbstractJavaProjectConfigurator - Adding resource folder /GestiBankBrijanavi/src/main/resources
2018-02-20 10:16:13,521 [Worker-18] INFO  o.e.m.j.i.AbstractJavaProjectConfigurator - Adding source folder /GestiBankBrijanavi/src/test/java
2018-02-20 10:16:13,521 [Worker-18] INFO  o.e.m.j.i.AbstractJavaProjectConfigurator - Adding resource folder /GestiBankBrijanavi/src/test/resources
2018-02-20 10:16:14,426 [Worker-9] INFO  o.e.m.c.i.l.LifecycleMappingFactory - Using org.maven.ide.eclipse.wtp.WarLifecycleMapping lifecycle mapping for MavenProject: org.javasavvy.jersey-spring:GestiBankBrijanavi:0.0.1-SNAPSHOT @ C:\Users\gk\Documents\GitHub\base\GestiBankBrijanavi\pom.xml.
2018-02-20 10:16:15,237 [Worker-18] INFO  o.e.m.c.i.p.ProjectConfigurationManager - Imported and configured 1 project(s) in 6 sec
2018-02-20 10:16:17,515 [Worker-18] WARN  o.e.m.c.i.embedder.EclipseLogger - Using platform encoding (Cp1252 actually) to copy filtered resources, i.e. build is platform dependent!
2018-02-20 10:16:17,515 [Worker-18] INFO  o.e.m.c.i.embedder.EclipseLogger - Copying 3 resources
2018-02-20 10:16:17,515 [Worker-18] WARN  o.e.m.c.i.embedder.EclipseLogger - Using platform encoding (Cp1252 actually) to copy filtered resources, i.e. build is platform dependent!
2018-02-20 10:16:17,515 [Worker-18] INFO  o.e.m.c.i.embedder.EclipseLogger - Copying 0 resource
2018-02-20 10:16:32,771 [Worker-1] INFO  o.e.m.c.i.p.ProjectConfigurationManager - Update started
2018-02-20 10:16:32,818 [Worker-1] INFO  o.e.m.c.i.l.LifecycleMappingFactory - Using org.maven.ide.eclipse.wtp.WarLifecycleMapping lifecycle mapping for MavenProject: org.javasavvy.jersey-spring:GestiBankBrijanavi:0.0.1-SNAPSHOT @ C:\Users\gk\Documents\GitHub\base\GestiBankBrijanavi\pom.xml.
2018-02-20 10:16:33,130 [Worker-1] INFO  o.e.m.j.i.AbstractJavaProjectConfigurator - Adding source folder /GestiBankBrijanavi/src/main/java
2018-02-20 10:16:33,130 [Worker-1] INFO  o.e.m.j.i.AbstractJavaProjectConfigurator - Adding resource folder /GestiBankBrijanavi/src/main/resources
2018-02-20 10:16:33,130 [Worker-1] INFO  o.e.m.j.i.AbstractJavaProjectConfigurator - Adding source folder /GestiBankBrijanavi/src/test/java
2018-02-20 10:16:33,130 [Worker-1] INFO  o.e.m.j.i.AbstractJavaProjectConfigurator - Adding resource folder /GestiBankBrijanavi/src/test/resources
2018-02-20 10:16:33,349 [Worker-1] INFO  o.e.m.c.i.l.LifecycleMappingFactory - Using org.maven.ide.eclipse.wtp.WarLifecycleMapping lifecycle mapping for MavenProject: org.javasavvy.jersey-spring:GestiBankBrijanavi:0.0.1-SNAPSHOT @ C:\Users\gk\Documents\GitHub\base\GestiBankBrijanavi\pom.xml.
2018-02-20 10:16:33,551 [Worker-1] INFO  o.e.m.w.i.f.ResourceFilteringBuildParticipant - Cleaning filtered folder for GestiBankBrijanavi
2018-02-20 10:16:33,551 [Worker-1] INFO  o.e.m.c.i.p.ProjectConfigurationManager - Update completed: 0 sec
2018-02-20 10:16:34,659 [Worker-12] WARN  o.e.m.c.i.embedder.EclipseLogger - Using platform encoding (Cp1252 actually) to copy filtered resources, i.e. build is platform dependent!
2018-02-20 10:16:34,659 [Worker-12] INFO  o.e.m.c.i.embedder.EclipseLogger - Copying 3 resources
2018-02-20 10:16:34,659 [Worker-12] WARN  o.e.m.c.i.embedder.EclipseLogger - Using platform encoding (Cp1252 actually) to copy filtered resources, i.e. build is platform dependent!
2018-02-20 10:16:34,659 [Worker-12] INFO  o.e.m.c.i.embedder.EclipseLogger - Copying 0 resource
2018-02-20 10:16:38,013 [Worker-2] INFO  o.e.m.i.launch.MavenLaunchDelegate - C:\Users\gk\Documents\GitHub\base\GestiBankBrijanavi
2018-02-20 10:16:38,013 [Worker-2] INFO  o.e.m.i.launch.MavenLaunchDelegate -  mvn  -B clean
2018-02-20 10:16:39,233 [Worker-3] WARN  o.e.m.c.i.embedder.EclipseLogger - Using platform encoding (Cp1252 actually) to copy filtered resources, i.e. build is platform dependent!
2018-02-20 10:16:39,233 [Worker-3] INFO  o.e.m.c.i.embedder.EclipseLogger - Copying 3 resources
2018-02-20 10:16:39,233 [Worker-3] WARN  o.e.m.c.i.embedder.EclipseLogger - Using platform encoding (Cp1252 actually) to copy filtered resources, i.e. build is platform dependent!
2018-02-20 10:16:39,233 [Worker-3] INFO  o.e.m.c.i.embedder.EclipseLogger - Copying 0 resource
2018-02-20 10:16:45,473 [Worker-15] INFO  o.e.m.i.launch.MavenLaunchDelegate - C:\Users\gk\Documents\GitHub\base\GestiBankBrijanavi
2018-02-20 10:16:45,473 [Worker-15] INFO  o.e.m.i.launch.MavenLaunchDelegate -  mvn  -B install
2018-02-20 10:17:46,878 [Worker-21] WARN  o.e.m.c.i.embedder.EclipseLogger - Using platform encoding (Cp1252 actually) to copy filtered resources, i.e. build is platform dependent!
2018-02-20 10:17:46,878 [Worker-21] INFO  o.e.m.c.i.embedder.EclipseLogger - Copying 3 resources
2018-02-20 10:17:46,878 [Worker-21] WARN  o.e.m.c.i.embedder.EclipseLogger - Using platform encoding (Cp1252 actually) to copy filtered resources, i.e. build is platform dependent!
2018-02-20 10:17:46,878 [Worker-21] INFO  o.e.m.c.i.embedder.EclipseLogger - Copying 0 resource
2018-02-20 10:17:52,853 [Worker-21] INFO  o.e.m.c.i.l.LifecycleMappingFactory - Using org.maven.ide.eclipse.wtp.WarLifecycleMapping lifecycle mapping for MavenProject: org.javasavvy.jersey-spring:GestiBankBrijanavi:0.0.1-SNAPSHOT @ C:\Users\gk\Documents\GitHub\base\GestiBankBrijanavi\pom.xml.
2018-02-20 10:17:53,149 [Worker-21] WARN  o.e.m.c.i.embedder.EclipseLogger - Using platform encoding (Cp1252 actually) to copy filtered resources, i.e. build is platform dependent!
2018-02-20 10:17:53,165 [Worker-21] INFO  o.e.m.c.i.embedder.EclipseLogger - Copying 3 resources
2018-02-20 10:17:53,165 [Worker-21] WARN  o.e.m.c.i.embedder.EclipseLogger - Using platform encoding (Cp1252 actually) to copy filtered resources, i.e. build is platform dependent!
2018-02-20 10:17:53,165 [Worker-21] INFO  o.e.m.c.i.embedder.EclipseLogger - Copying 0 resource
2018-02-20 10:17:57,049 [Worker-6] INFO  o.e.m.i.launch.MavenLaunchDelegate - C:\Users\gk\Documents\GitHub\base\GestiBankBrijanavi
2018-02-20 10:17:57,049 [Worker-6] INFO  o.e.m.i.launch.MavenLaunchDelegate -  mvn  -B install
2018-02-20 10:18:00,534 [Worker-19] WARN  o.e.m.c.i.embedder.EclipseLogger - Using platform encoding (Cp1252 actually) to copy filtered resources, i.e. build is platform dependent!
2018-02-20 10:18:00,534 [Worker-19] INFO  o.e.m.c.i.embedder.EclipseLogger - Copying 0 resource
2018-02-20 10:18:00,549 [Worker-19] WARN  o.e.m.c.i.embedder.EclipseLogger - Using platform encoding (Cp1252 actually) to copy filtered resources, i.e. build is platform dependent!
2018-02-20 10:18:00,549 [Worker-19] INFO  o.e.m.c.i.embedder.EclipseLogger - Copying 0 resource
2018-02-20 10:18:54,632 [Worker-21] WARN  o.e.m.c.i.embedder.EclipseLogger - Using platform encoding (Cp1252 actually) to copy filtered resources, i.e. build is platform dependent!
2018-02-20 10:18:54,632 [Worker-21] INFO  o.e.m.c.i.embedder.EclipseLogger - Copying 3 resources
2018-02-20 10:18:54,632 [Worker-21] WARN  o.e.m.c.i.embedder.EclipseLogger - Using platform encoding (Cp1252 actually) to copy filtered resources, i.e. build is platform dependent!
2018-02-20 10:18:54,632 [Worker-21] INFO  o.e.m.c.i.embedder.EclipseLogger - Copying 0 resource
2018-02-20 10:24:33,742 [Worker-19] INFO  o.e.m.c.i.l.LifecycleMappingFactory - Using org.eclipse.m2e.jdt.JarLifecycleMapping lifecycle mapping for MavenProject: com.wha:SpringORM:0.0.1-SNAPSHOT @ C:\Users\gk\Desktop\Jeanne\Workspace\SpringORM\pom.xml.
2018-02-20 10:24:33,929 [Worker-19] INFO  o.e.m.j.i.AbstractJavaProjectConfigurator - Adding source folder /SpringORM/src/main/java
2018-02-20 10:24:33,929 [Worker-19] INFO  o.e.m.j.i.AbstractJavaProjectConfigurator - Adding resource folder /SpringORM/src/main/resources
2018-02-20 10:24:33,929 [Worker-19] INFO  o.e.m.j.i.AbstractJavaProjectConfigurator - Adding source folder /SpringORM/src/test/java
2018-02-20 10:24:33,929 [Worker-19] INFO  o.e.m.j.i.AbstractJavaProjectConfigurator - Adding resource folder /SpringORM/src/test/resources
2018-02-20 10:24:33,976 [Worker-19] INFO  o.e.m.c.i.p.ProjectConfigurationManager - Imported and configured 1 project(s) in 0 sec
2018-02-20 10:24:34,319 [Worker-18] INFO  o.e.m.c.i.embedder.EclipseLogger - Using 'UTF-8' encoding to copy filtered resources.
2018-02-20 10:24:34,319 [Worker-18] INFO  o.e.m.c.i.embedder.EclipseLogger - Copying 1 resource
2018-02-20 10:24:34,319 [Worker-18] INFO  o.e.m.c.i.embedder.EclipseLogger - Using 'UTF-8' encoding to copy filtered resources.
2018-02-20 10:24:34,319 [Worker-18] INFO  o.e.m.c.i.embedder.EclipseLogger - Copying 0 resource
2018-02-20 10:24:34,522 [Worker-2] INFO  o.e.m.c.i.l.LifecycleMappingFactory - Using org.eclipse.m2e.jdt.JarLifecycleMapping lifecycle mapping for MavenProject: com.wha:SpringORM:0.0.1-SNAPSHOT @ C:\Users\gk\Desktop\Jeanne\Workspace\SpringORM\pom.xml.
2018-02-20 10:24:35,645 [Worker-2] INFO  o.e.m.c.i.embedder.EclipseLogger - Using 'UTF-8' encoding to copy filtered resources.
2018-02-20 10:24:35,645 [Worker-2] INFO  o.e.m.c.i.embedder.EclipseLogger - Copying 0 resource
2018-02-20 10:24:35,645 [Worker-2] INFO  o.e.m.c.i.embedder.EclipseLogger - Using 'UTF-8' encoding to copy filtered resources.
2018-02-20 10:24:35,645 [Worker-2] INFO  o.e.m.c.i.embedder.EclipseLogger - Copying 0 resource
2018-02-20 10:25:55,835 [Worker-20] WARN  o.e.m.c.i.embedder.EclipseLogger - Using platform encoding (Cp1252 actually) to copy filtered resources, i.e. build is platform dependent!
2018-02-20 10:25:55,835 [Worker-20] INFO  o.e.m.c.i.embedder.EclipseLogger - Copying 3 resources
2018-02-20 10:25:55,835 [Worker-20] WARN  o.e.m.c.i.embedder.EclipseLogger - Using platform encoding (Cp1252 actually) to copy filtered resources, i.e. build is platform dependent!
2018-02-20 10:25:55,835 [Worker-20] INFO  o.e.m.c.i.embedder.EclipseLogger - Copying 0 resource
2018-02-20 10:26:05,499 [Worker-18] WARN  o.e.m.c.i.embedder.EclipseLogger - Using platform encoding (Cp1252 actually) to copy filtered resources, i.e. build is platform dependent!
2018-02-20 10:26:05,499 [Worker-18] INFO  o.e.m.c.i.embedder.EclipseLogger - Copying 3 resources
2018-02-20 10:26:05,499 [Worker-18] WARN  o.e.m.c.i.embedder.EclipseLogger - Using platform encoding (Cp1252 actually) to copy filtered resources, i.e. build is platform dependent!
2018-02-20 10:26:05,499 [Worker-18] INFO  o.e.m.c.i.embedder.EclipseLogger - Copying 0 resource
2018-02-20 10:26:14,469 [Worker-6] WARN  o.e.m.c.i.embedder.EclipseLogger - Using platform encoding (Cp1252 actually) to copy filtered resources, i.e. build is platform dependent!
2018-02-20 10:26:14,469 [Worker-6] INFO  o.e.m.c.i.embedder.EclipseLogger - Copying 3 resources
2018-02-20 10:26:14,469 [Worker-6] WARN  o.e.m.c.i.embedder.EclipseLogger - Using platform encoding (Cp1252 actually) to copy filtered resources, i.e. build is platform dependent!
2018-02-20 10:26:14,469 [Worker-6] INFO  o.e.m.c.i.embedder.EclipseLogger - Copying 0 resource
2018-02-20 10:27:45,797 [Worker-22] WARN  o.e.m.c.i.embedder.EclipseLogger - Using platform encoding (Cp1252 actually) to copy filtered resources, i.e. build is platform dependent!
2018-02-20 10:27:45,797 [Worker-22] INFO  o.e.m.c.i.embedder.EclipseLogger - Copying 3 resources
2018-02-20 10:27:45,797 [Worker-22] WARN  o.e.m.c.i.embedder.EclipseLogger - Using platform encoding (Cp1252 actually) to copy filtered resources, i.e. build is platform dependent!
2018-02-20 10:27:45,797 [Worker-22] INFO  o.e.m.c.i.embedder.EclipseLogger - Copying 0 resource
2018-02-20 10:28:20,759 [Worker-20] WARN  o.e.m.c.i.embedder.EclipseLogger - Using platform encoding (Cp1252 actually) to copy filtered resources, i.e. build is platform dependent!
2018-02-20 10:28:20,759 [Worker-20] INFO  o.e.m.c.i.embedder.EclipseLogger - Copying 3 resources
2018-02-20 10:28:20,759 [Worker-20] WARN  o.e.m.c.i.embedder.EclipseLogger - Using platform encoding (Cp1252 actually) to copy filtered resources, i.e. build is platform dependent!
2018-02-20 10:28:20,759 [Worker-20] INFO  o.e.m.c.i.embedder.EclipseLogger - Copying 0 resource
2018-02-20 10:28:30,705 [Worker-23] WARN  o.e.m.c.i.embedder.EclipseLogger - Using platform encoding (Cp1252 actually) to copy filtered resources, i.e. build is platform dependent!
2018-02-20 10:28:30,705 [Worker-23] INFO  o.e.m.c.i.embedder.EclipseLogger - Copying 3 resources
2018-02-20 10:28:30,705 [Worker-23] WARN  o.e.m.c.i.embedder.EclipseLogger - Using platform encoding (Cp1252 actually) to copy filtered resources, i.e. build is platform dependent!
2018-02-20 10:28:30,705 [Worker-23] INFO  o.e.m.c.i.embedder.EclipseLogger - Copying 0 resource
2018-02-20 10:31:02,051 [Worker-10] WARN  o.e.m.c.i.embedder.EclipseLogger - Using platform encoding (Cp1252 actually) to copy filtered resources, i.e. build is platform dependent!
2018-02-20 10:31:02,051 [Worker-10] INFO  o.e.m.c.i.embedder.EclipseLogger - Copying 3 resources
2018-02-20 10:31:02,051 [Worker-10] WARN  o.e.m.c.i.embedder.EclipseLogger - Using platform encoding (Cp1252 actually) to copy filtered resources, i.e. build is platform dependent!
2018-02-20 10:31:02,051 [Worker-10] INFO  o.e.m.c.i.embedder.EclipseLogger - Copying 0 resource
2018-02-20 10:31:20,195 [Worker-19] WARN  o.e.m.c.i.embedder.EclipseLogger - Using platform encoding (Cp1252 actually) to copy filtered resources, i.e. build is platform dependent!
2018-02-20 10:31:20,195 [Worker-19] INFO  o.e.m.c.i.embedder.EclipseLogger - Copying 3 resources
2018-02-20 10:31:20,195 [Worker-19] WARN  o.e.m.c.i.embedder.EclipseLogger - Using platform encoding (Cp1252 actually) to copy filtered resources, i.e. build is platform dependent!
2018-02-20 10:31:20,195 [Worker-19] INFO  o.e.m.c.i.embedder.EclipseLogger - Copying 0 resource
2018-02-20 10:31:27,411 [Worker-2] WARN  o.e.m.c.i.embedder.EclipseLogger - Using platform encoding (Cp1252 actually) to copy filtered resources, i.e. build is platform dependent!
2018-02-20 10:31:27,411 [Worker-2] INFO  o.e.m.c.i.embedder.EclipseLogger - Copying 3 resources
2018-02-20 10:31:27,411 [Worker-2] WARN  o.e.m.c.i.embedder.EclipseLogger - Using platform encoding (Cp1252 actually) to copy filtered resources, i.e. build is platform dependent!
2018-02-20 10:31:27,411 [Worker-2] INFO  o.e.m.c.i.embedder.EclipseLogger - Copying 0 resource
2018-02-20 10:32:40,751 [Worker-25] WARN  o.e.m.c.i.embedder.EclipseLogger - Using platform encoding (Cp1252 actually) to copy filtered resources, i.e. build is platform dependent!
2018-02-20 10:32:40,751 [Worker-25] INFO  o.e.m.c.i.embedder.EclipseLogger - Copying 3 resources
2018-02-20 10:32:40,751 [Worker-25] WARN  o.e.m.c.i.embedder.EclipseLogger - Using platform encoding (Cp1252 actually) to copy filtered resources, i.e. build is platform dependent!
2018-02-20 10:32:40,751 [Worker-25] INFO  o.e.m.c.i.embedder.EclipseLogger - Copying 0 resource
2018-02-20 10:32:46,523 [Worker-20] WARN  o.e.m.c.i.embedder.EclipseLogger - Using platform encoding (Cp1252 actually) to copy filtered resources, i.e. build is platform dependent!
2018-02-20 10:32:46,523 [Worker-20] INFO  o.e.m.c.i.embedder.EclipseLogger - Copying 3 resources
2018-02-20 10:32:46,523 [Worker-20] WARN  o.e.m.c.i.embedder.EclipseLogger - Using platform encoding (Cp1252 actually) to copy filtered resources, i.e. build is platform dependent!
2018-02-20 10:32:46,523 [Worker-20] INFO  o.e.m.c.i.embedder.EclipseLogger - Copying 0 resource
2018-02-20 10:42:45,904 [Worker-26] WARN  o.e.m.c.i.embedder.EclipseLogger - Using platform encoding (Cp1252 actually) to copy filtered resources, i.e. build is platform dependent!
2018-02-20 10:42:45,904 [Worker-26] INFO  o.e.m.c.i.embedder.EclipseLogger - Copying 3 resources
2018-02-20 10:42:45,904 [Worker-26] WARN  o.e.m.c.i.embedder.EclipseLogger - Using platform encoding (Cp1252 actually) to copy filtered resources, i.e. build is platform dependent!
2018-02-20 10:42:45,904 [Worker-26] INFO  o.e.m.c.i.embedder.EclipseLogger - Copying 0 resource
2018-02-20 10:42:54,811 [Worker-26] INFO  o.e.m.c.i.p.ProjectConfigurationManager - Update started
2018-02-20 10:42:54,858 [Worker-26] INFO  o.e.m.c.i.l.LifecycleMappingFactory - Using org.maven.ide.eclipse.wtp.WarLifecycleMapping lifecycle mapping for MavenProject: org.javasavvy.jersey-spring:GestiBankBrijanavi:0.0.1-SNAPSHOT @ C:\Users\gk\Documents\GitHub\base\GestiBankBrijanavi\pom.xml.
2018-02-20 10:42:55,373 [Worker-26] INFO  o.e.m.j.i.AbstractJavaProjectConfigurator - Adding source folder /GestiBankBrijanavi/src/main/java
2018-02-20 10:42:55,373 [Worker-26] INFO  o.e.m.j.i.AbstractJavaProjectConfigurator - Adding resource folder /GestiBankBrijanavi/src/main/resources
2018-02-20 10:42:55,373 [Worker-26] INFO  o.e.m.j.i.AbstractJavaProjectConfigurator - Adding source folder /GestiBankBrijanavi/src/test/java
2018-02-20 10:42:55,373 [Worker-26] INFO  o.e.m.j.i.AbstractJavaProjectConfigurator - Adding resource folder /GestiBankBrijanavi/src/test/resources
2018-02-20 10:42:55,608 [Worker-26] INFO  o.e.m.c.i.l.LifecycleMappingFactory - Using org.maven.ide.eclipse.wtp.WarLifecycleMapping lifecycle mapping for MavenProject: org.javasavvy.jersey-spring:GestiBankBrijanavi:0.0.1-SNAPSHOT @ C:\Users\gk\Documents\GitHub\base\GestiBankBrijanavi\pom.xml.
2018-02-20 10:42:55,920 [Worker-26] INFO  o.e.m.w.i.f.ResourceFilteringBuildParticipant - Cleaning filtered folder for GestiBankBrijanavi
2018-02-20 10:42:55,935 [Worker-26] INFO  o.e.m.c.i.p.ProjectConfigurationManager - Update completed: 1 sec
2018-02-20 10:42:57,074 [Worker-2] WARN  o.e.m.c.i.embedder.EclipseLogger - Using platform encoding (Cp1252 actually) to copy filtered resources, i.e. build is platform dependent!
2018-02-20 10:42:57,074 [Worker-2] INFO  o.e.m.c.i.embedder.EclipseLogger - Copying 3 resources
2018-02-20 10:42:57,074 [Worker-2] WARN  o.e.m.c.i.embedder.EclipseLogger - Using platform encoding (Cp1252 actually) to copy filtered resources, i.e. build is platform dependent!
2018-02-20 10:42:57,074 [Worker-2] INFO  o.e.m.c.i.embedder.EclipseLogger - Copying 0 resource
2018-02-20 10:42:58,338 [Worker-28] INFO  o.e.m.i.launch.MavenLaunchDelegate - C:\Users\gk\Documents\GitHub\base\GestiBankBrijanavi
2018-02-20 10:42:58,338 [Worker-28] INFO  o.e.m.i.launch.MavenLaunchDelegate -  mvn  -B clean
2018-02-20 10:42:59,606 [Worker-28] WARN  o.e.m.c.i.embedder.EclipseLogger - Using platform encoding (Cp1252 actually) to copy filtered resources, i.e. build is platform dependent!
2018-02-20 10:42:59,606 [Worker-28] INFO  o.e.m.c.i.embedder.EclipseLogger - Copying 3 resources
2018-02-20 10:42:59,606 [Worker-28] WARN  o.e.m.c.i.embedder.EclipseLogger - Using platform encoding (Cp1252 actually) to copy filtered resources, i.e. build is platform dependent!
2018-02-20 10:42:59,606 [Worker-28] INFO  o.e.m.c.i.embedder.EclipseLogger - Copying 0 resource
2018-02-20 10:43:03,038 [Worker-32] INFO  o.e.m.i.launch.MavenLaunchDelegate - C:\Users\gk\Documents\GitHub\base\GestiBankBrijanavi
2018-02-20 10:43:03,038 [Worker-32] INFO  o.e.m.i.launch.MavenLaunchDelegate -  mvn  -B install
2018-02-20 10:43:07,367 [Worker-32] WARN  o.e.m.c.i.embedder.EclipseLogger - Using platform encoding (Cp1252 actually) to copy filtered resources, i.e. build is platform dependent!
2018-02-20 10:43:07,367 [Worker-32] INFO  o.e.m.c.i.embedder.EclipseLogger - Copying 3 resources
2018-02-20 10:43:07,367 [Worker-32] WARN  o.e.m.c.i.embedder.EclipseLogger - Using platform encoding (Cp1252 actually) to copy filtered resources, i.e. build is platform dependent!
2018-02-20 10:43:07,367 [Worker-32] INFO  o.e.m.c.i.embedder.EclipseLogger - Copying 0 resource
2018-02-20 10:44:26,441 [Worker-28] INFO  o.e.m.i.launch.MavenLaunchDelegate - C:\Users\gk\Documents\GitHub\base\GestiBankBrijanavi
2018-02-20 10:44:26,441 [Worker-28] INFO  o.e.m.i.launch.MavenLaunchDelegate -  mvn  -B clean
2018-02-20 10:44:27,646 [Worker-18] WARN  o.e.m.c.i.embedder.EclipseLogger - Using platform encoding (Cp1252 actually) to copy filtered resources, i.e. build is platform dependent!
2018-02-20 10:44:27,646 [Worker-18] INFO  o.e.m.c.i.embedder.EclipseLogger - Copying 3 resources
2018-02-20 10:44:27,646 [Worker-18] WARN  o.e.m.c.i.embedder.EclipseLogger - Using platform encoding (Cp1252 actually) to copy filtered resources, i.e. build is platform dependent!
2018-02-20 10:44:27,646 [Worker-18] INFO  o.e.m.c.i.embedder.EclipseLogger - Copying 0 resource
2018-02-20 10:44:35,338 [Worker-29] INFO  o.e.m.i.launch.MavenLaunchDelegate - C:\Users\gk\Documents\GitHub\base\GestiBankBrijanavi
2018-02-20 10:44:35,338 [Worker-29] INFO  o.e.m.i.launch.MavenLaunchDelegate -  mvn  -B install
2018-02-20 10:44:39,635 [Worker-5] WARN  o.e.m.c.i.embedder.EclipseLogger - Using platform encoding (Cp1252 actually) to copy filtered resources, i.e. build is platform dependent!
2018-02-20 10:44:39,635 [Worker-5] INFO  o.e.m.c.i.embedder.EclipseLogger - Copying 3 resources
2018-02-20 10:44:39,635 [Worker-5] WARN  o.e.m.c.i.embedder.EclipseLogger - Using platform encoding (Cp1252 actually) to copy filtered resources, i.e. build is platform dependent!
2018-02-20 10:44:39,635 [Worker-5] INFO  o.e.m.c.i.embedder.EclipseLogger - Copying 0 resource
2018-02-20 10:45:54,245 [Worker-2] WARN  o.e.m.c.i.embedder.EclipseLogger - Using platform encoding (Cp1252 actually) to copy filtered resources, i.e. build is platform dependent!
2018-02-20 10:45:54,245 [Worker-2] INFO  o.e.m.c.i.embedder.EclipseLogger - Copying 3 resources
2018-02-20 10:45:54,245 [Worker-2] WARN  o.e.m.c.i.embedder.EclipseLogger - Using platform encoding (Cp1252 actually) to copy filtered resources, i.e. build is platform dependent!
2018-02-20 10:45:54,245 [Worker-2] INFO  o.e.m.c.i.embedder.EclipseLogger - Copying 0 resource
2018-02-20 10:45:58,816 [Worker-23] WARN  o.e.m.c.i.embedder.EclipseLogger - Using platform encoding (Cp1252 actually) to copy filtered resources, i.e. build is platform dependent!
2018-02-20 10:45:58,816 [Worker-23] INFO  o.e.m.c.i.embedder.EclipseLogger - Copying 3 resources
2018-02-20 10:45:58,816 [Worker-23] WARN  o.e.m.c.i.embedder.EclipseLogger - Using platform encoding (Cp1252 actually) to copy filtered resources, i.e. build is platform dependent!
2018-02-20 10:45:58,816 [Worker-23] INFO  o.e.m.c.i.embedder.EclipseLogger - Copying 0 resource
2018-02-20 10:46:33,621 [Worker-23] WARN  o.e.m.c.i.embedder.EclipseLogger - Using platform encoding (Cp1252 actually) to copy filtered resources, i.e. build is platform dependent!
2018-02-20 10:46:33,621 [Worker-23] INFO  o.e.m.c.i.embedder.EclipseLogger - Copying 3 resources
2018-02-20 10:46:33,621 [Worker-23] WARN  o.e.m.c.i.embedder.EclipseLogger - Using platform encoding (Cp1252 actually) to copy filtered resources, i.e. build is platform dependent!
2018-02-20 10:46:33,621 [Worker-23] INFO  o.e.m.c.i.embedder.EclipseLogger - Copying 0 resource
2018-02-20 10:47:13,990 [Worker-28] WARN  o.e.m.c.i.embedder.EclipseLogger - Using platform encoding (Cp1252 actually) to copy filtered resources, i.e. build is platform dependent!
2018-02-20 10:47:13,990 [Worker-28] INFO  o.e.m.c.i.embedder.EclipseLogger - Copying 3 resources
2018-02-20 10:47:13,990 [Worker-28] WARN  o.e.m.c.i.embedder.EclipseLogger - Using platform encoding (Cp1252 actually) to copy filtered resources, i.e. build is platform dependent!
2018-02-20 10:47:13,990 [Worker-28] INFO  o.e.m.c.i.embedder.EclipseLogger - Copying 0 resource
2018-02-20 10:52:14,668 [Worker-33] WARN  o.e.m.c.i.embedder.EclipseLogger - Using platform encoding (Cp1252 actually) to copy filtered resources, i.e. build is platform dependent!
2018-02-20 10:52:14,668 [Worker-33] INFO  o.e.m.c.i.embedder.EclipseLogger - Copying 3 resources
2018-02-20 10:52:14,668 [Worker-33] WARN  o.e.m.c.i.embedder.EclipseLogger - Using platform encoding (Cp1252 actually) to copy filtered resources, i.e. build is platform dependent!
2018-02-20 10:52:14,668 [Worker-33] INFO  o.e.m.c.i.embedder.EclipseLogger - Copying 0 resource
2018-02-20 10:52:24,780 [Worker-23] WARN  o.e.m.c.i.embedder.EclipseLogger - Using platform encoding (Cp1252 actually) to copy filtered resources, i.e. build is platform dependent!
2018-02-20 10:52:24,780 [Worker-23] INFO  o.e.m.c.i.embedder.EclipseLogger - Copying 3 resources
2018-02-20 10:52:24,780 [Worker-23] WARN  o.e.m.c.i.embedder.EclipseLogger - Using platform encoding (Cp1252 actually) to copy filtered resources, i.e. build is platform dependent!
2018-02-20 10:52:24,780 [Worker-23] INFO  o.e.m.c.i.embedder.EclipseLogger - Copying 0 resource
2018-02-20 10:52:46,829 [Worker-34] WARN  o.e.m.c.i.embedder.EclipseLogger - Using platform encoding (Cp1252 actually) to copy filtered resources, i.e. build is platform dependent!
2018-02-20 10:52:46,829 [Worker-34] INFO  o.e.m.c.i.embedder.EclipseLogger - Copying 3 resources
2018-02-20 10:52:46,829 [Worker-34] WARN  o.e.m.c.i.embedder.EclipseLogger - Using platform encoding (Cp1252 actually) to copy filtered resources, i.e. build is platform dependent!
2018-02-20 10:52:46,829 [Worker-34] INFO  o.e.m.c.i.embedder.EclipseLogger - Copying 0 resource
2018-02-20 10:52:53,449 [Worker-5] WARN  o.e.m.c.i.embedder.EclipseLogger - Using platform encoding (Cp1252 actually) to copy filtered resources, i.e. build is platform dependent!
2018-02-20 10:52:53,449 [Worker-5] INFO  o.e.m.c.i.embedder.EclipseLogger - Copying 3 resources
2018-02-20 10:52:53,449 [Worker-5] WARN  o.e.m.c.i.embedder.EclipseLogger - Using platform encoding (Cp1252 actually) to copy filtered resources, i.e. build is platform dependent!
2018-02-20 10:52:53,449 [Worker-5] INFO  o.e.m.c.i.embedder.EclipseLogger - Copying 0 resource
2018-02-20 10:57:40,351 [Worker-38] WARN  o.e.m.c.i.embedder.EclipseLogger - Using platform encoding (Cp1252 actually) to copy filtered resources, i.e. build is platform dependent!
2018-02-20 10:57:40,351 [Worker-38] INFO  o.e.m.c.i.embedder.EclipseLogger - Copying 3 resources
2018-02-20 10:57:40,351 [Worker-38] WARN  o.e.m.c.i.embedder.EclipseLogger - Using platform encoding (Cp1252 actually) to copy filtered resources, i.e. build is platform dependent!
2018-02-20 10:57:40,351 [Worker-38] INFO  o.e.m.c.i.embedder.EclipseLogger - Copying 0 resource
2018-02-20 10:59:01,863 [Worker-18] INFO  o.e.m.c.i.embedder.EclipseLogger - Using 'UTF-8' encoding to copy filtered resources.
2018-02-20 10:59:01,863 [Worker-18] INFO  o.e.m.c.i.embedder.EclipseLogger - Copying 1 resource
2018-02-20 10:59:01,863 [Worker-18] INFO  o.e.m.c.i.embedder.EclipseLogger - Using 'UTF-8' encoding to copy filtered resources.
2018-02-20 10:59:01,863 [Worker-18] INFO  o.e.m.c.i.embedder.EclipseLogger - Copying 0 resource
2018-02-20 10:59:21,365 [Worker-33] INFO  o.e.m.c.i.embedder.EclipseLogger - Using 'UTF-8' encoding to copy filtered resources.
2018-02-20 10:59:21,365 [Worker-33] INFO  o.e.m.c.i.embedder.EclipseLogger - Copying 1 resource
2018-02-20 10:59:21,365 [Worker-33] INFO  o.e.m.c.i.embedder.EclipseLogger - Using 'UTF-8' encoding to copy filtered resources.
2018-02-20 10:59:21,365 [Worker-33] INFO  o.e.m.c.i.embedder.EclipseLogger - Copying 0 resource
2018-02-20 11:05:49,079 [Worker-5] WARN  o.e.m.c.i.embedder.EclipseLogger - Using platform encoding (Cp1252 actually) to copy filtered resources, i.e. build is platform dependent!
2018-02-20 11:05:49,079 [Worker-5] INFO  o.e.m.c.i.embedder.EclipseLogger - Copying 3 resources
2018-02-20 11:05:49,079 [Worker-5] WARN  o.e.m.c.i.embedder.EclipseLogger - Using platform encoding (Cp1252 actually) to copy filtered resources, i.e. build is platform dependent!
2018-02-20 11:05:49,079 [Worker-5] INFO  o.e.m.c.i.embedder.EclipseLogger - Copying 0 resource
2018-02-20 11:06:39,970 [Worker-40] WARN  o.e.m.c.i.embedder.EclipseLogger - Using platform encoding (Cp1252 actually) to copy filtered resources, i.e. build is platform dependent!
2018-02-20 11:06:39,970 [Worker-40] INFO  o.e.m.c.i.embedder.EclipseLogger - Copying 3 resources
2018-02-20 11:06:39,970 [Worker-40] WARN  o.e.m.c.i.embedder.EclipseLogger - Using platform encoding (Cp1252 actually) to copy filtered resources, i.e. build is platform dependent!
2018-02-20 11:06:39,970 [Worker-40] INFO  o.e.m.c.i.embedder.EclipseLogger - Copying 0 resource
2018-02-20 11:07:40,452 [Worker-34] WARN  o.e.m.c.i.embedder.EclipseLogger - Using platform encoding (Cp1252 actually) to copy filtered resources, i.e. build is platform dependent!
2018-02-20 11:07:40,452 [Worker-34] INFO  o.e.m.c.i.embedder.EclipseLogger - Copying 3 resources
2018-02-20 11:07:40,452 [Worker-34] WARN  o.e.m.c.i.embedder.EclipseLogger - Using platform encoding (Cp1252 actually) to copy filtered resources, i.e. build is platform dependent!
2018-02-20 11:07:40,452 [Worker-34] INFO  o.e.m.c.i.embedder.EclipseLogger - Copying 0 resource
2018-02-20 11:07:50,724 [Worker-41] WARN  o.e.m.c.i.embedder.EclipseLogger - Using platform encoding (Cp1252 actually) to copy filtered resources, i.e. build is platform dependent!
2018-02-20 11:07:50,724 [Worker-41] INFO  o.e.m.c.i.embedder.EclipseLogger - Copying 3 resources
2018-02-20 11:07:50,724 [Worker-41] WARN  o.e.m.c.i.embedder.EclipseLogger - Using platform encoding (Cp1252 actually) to copy filtered resources, i.e. build is platform dependent!
2018-02-20 11:07:50,724 [Worker-41] INFO  o.e.m.c.i.embedder.EclipseLogger - Copying 0 resource
2018-02-20 11:08:20,830 [Worker-38] WARN  o.e.m.c.i.embedder.EclipseLogger - Using platform encoding (Cp1252 actually) to copy filtered resources, i.e. build is platform dependent!
2018-02-20 11:08:20,830 [Worker-38] INFO  o.e.m.c.i.embedder.EclipseLogger - Copying 3 resources
2018-02-20 11:08:20,830 [Worker-38] WARN  o.e.m.c.i.embedder.EclipseLogger - Using platform encoding (Cp1252 actually) to copy filtered resources, i.e. build is platform dependent!
2018-02-20 11:08:20,830 [Worker-38] INFO  o.e.m.c.i.embedder.EclipseLogger - Copying 0 resource
2018-02-20 11:08:52,760 [Worker-38] WARN  o.e.m.c.i.embedder.EclipseLogger - Using platform encoding (Cp1252 actually) to copy filtered resources, i.e. build is platform dependent!
2018-02-20 11:08:52,760 [Worker-38] INFO  o.e.m.c.i.embedder.EclipseLogger - Copying 3 resources
2018-02-20 11:08:52,760 [Worker-38] WARN  o.e.m.c.i.embedder.EclipseLogger - Using platform encoding (Cp1252 actually) to copy filtered resources, i.e. build is platform dependent!
2018-02-20 11:08:52,760 [Worker-38] INFO  o.e.m.c.i.embedder.EclipseLogger - Copying 0 resource
2018-02-20 11:09:02,497 [Worker-41] WARN  o.e.m.c.i.embedder.EclipseLogger - Using platform encoding (Cp1252 actually) to copy filtered resources, i.e. build is platform dependent!
2018-02-20 11:09:02,499 [Worker-41] INFO  o.e.m.c.i.embedder.EclipseLogger - Copying 3 resources
2018-02-20 11:09:02,500 [Worker-41] WARN  o.e.m.c.i.embedder.EclipseLogger - Using platform encoding (Cp1252 actually) to copy filtered resources, i.e. build is platform dependent!
2018-02-20 11:09:02,500 [Worker-41] INFO  o.e.m.c.i.embedder.EclipseLogger - Copying 0 resource
2018-02-20 11:09:08,594 [Worker-38] WARN  o.e.m.c.i.embedder.EclipseLogger - Using platform encoding (Cp1252 actually) to copy filtered resources, i.e. build is platform dependent!
2018-02-20 11:09:08,595 [Worker-38] INFO  o.e.m.c.i.embedder.EclipseLogger - Copying 3 resources
2018-02-20 11:09:08,596 [Worker-38] WARN  o.e.m.c.i.embedder.EclipseLogger - Using platform encoding (Cp1252 actually) to copy filtered resources, i.e. build is platform dependent!
2018-02-20 11:09:08,597 [Worker-38] INFO  o.e.m.c.i.embedder.EclipseLogger - Copying 0 resource
2018-02-20 11:09:20,819 [Worker-5] WARN  o.e.m.c.i.embedder.EclipseLogger - Using platform encoding (Cp1252 actually) to copy filtered resources, i.e. build is platform dependent!
2018-02-20 11:09:20,819 [Worker-5] INFO  o.e.m.c.i.embedder.EclipseLogger - Copying 3 resources
2018-02-20 11:09:20,819 [Worker-5] WARN  o.e.m.c.i.embedder.EclipseLogger - Using platform encoding (Cp1252 actually) to copy filtered resources, i.e. build is platform dependent!
2018-02-20 11:09:20,819 [Worker-5] INFO  o.e.m.c.i.embedder.EclipseLogger - Copying 0 resource
2018-02-20 11:21:22,106 [Worker-44] WARN  o.e.m.c.i.embedder.EclipseLogger - Using platform encoding (Cp1252 actually) to copy filtered resources, i.e. build is platform dependent!
2018-02-20 11:21:22,106 [Worker-44] INFO  o.e.m.c.i.embedder.EclipseLogger - Copying 3 resources
2018-02-20 11:21:22,106 [Worker-44] WARN  o.e.m.c.i.embedder.EclipseLogger - Using platform encoding (Cp1252 actually) to copy filtered resources, i.e. build is platform dependent!
2018-02-20 11:21:22,106 [Worker-44] INFO  o.e.m.c.i.embedder.EclipseLogger - Copying 0 resource
2018-02-20 11:23:40,782 [Worker-45] WARN  o.e.m.c.i.embedder.EclipseLogger - Using platform encoding (Cp1252 actually) to copy filtered resources, i.e. build is platform dependent!
2018-02-20 11:23:40,782 [Worker-45] INFO  o.e.m.c.i.embedder.EclipseLogger - Copying 3 resources
2018-02-20 11:23:40,782 [Worker-45] WARN  o.e.m.c.i.embedder.EclipseLogger - Using platform encoding (Cp1252 actually) to copy filtered resources, i.e. build is platform dependent!
2018-02-20 11:23:40,782 [Worker-45] INFO  o.e.m.c.i.embedder.EclipseLogger - Copying 0 resource
2018-02-20 11:23:46,721 [Worker-46] WARN  o.e.m.c.i.embedder.EclipseLogger - Using platform encoding (Cp1252 actually) to copy filtered resources, i.e. build is platform dependent!
2018-02-20 11:23:46,721 [Worker-46] INFO  o.e.m.c.i.embedder.EclipseLogger - Copying 3 resources
2018-02-20 11:23:46,721 [Worker-46] WARN  o.e.m.c.i.embedder.EclipseLogger - Using platform encoding (Cp1252 actually) to copy filtered resources, i.e. build is platform dependent!
2018-02-20 11:23:46,721 [Worker-46] INFO  o.e.m.c.i.embedder.EclipseLogger - Copying 0 resource
2018-02-20 11:23:52,036 [Worker-44] WARN  o.e.m.c.i.embedder.EclipseLogger - Using platform encoding (Cp1252 actually) to copy filtered resources, i.e. build is platform dependent!
2018-02-20 11:23:52,036 [Worker-44] INFO  o.e.m.c.i.embedder.EclipseLogger - Copying 3 resources
2018-02-20 11:23:52,036 [Worker-44] WARN  o.e.m.c.i.embedder.EclipseLogger - Using platform encoding (Cp1252 actually) to copy filtered resources, i.e. build is platform dependent!
2018-02-20 11:23:52,036 [Worker-44] INFO  o.e.m.c.i.embedder.EclipseLogger - Copying 0 resource
2018-02-20 11:23:57,407 [Worker-5] WARN  o.e.m.c.i.embedder.EclipseLogger - Using platform encoding (Cp1252 actually) to copy filtered resources, i.e. build is platform dependent!
2018-02-20 11:23:57,407 [Worker-5] INFO  o.e.m.c.i.embedder.EclipseLogger - Copying 3 resources
2018-02-20 11:23:57,407 [Worker-5] WARN  o.e.m.c.i.embedder.EclipseLogger - Using platform encoding (Cp1252 actually) to copy filtered resources, i.e. build is platform dependent!
2018-02-20 11:23:57,407 [Worker-5] INFO  o.e.m.c.i.embedder.EclipseLogger - Copying 0 resource
2018-02-20 11:25:35,840 [Worker-48] WARN  o.e.m.c.i.embedder.EclipseLogger - Using platform encoding (Cp1252 actually) to copy filtered resources, i.e. build is platform dependent!
2018-02-20 11:25:35,840 [Worker-48] INFO  o.e.m.c.i.embedder.EclipseLogger - Copying 3 resources
2018-02-20 11:25:35,840 [Worker-48] WARN  o.e.m.c.i.embedder.EclipseLogger - Using platform encoding (Cp1252 actually) to copy filtered resources, i.e. build is platform dependent!
2018-02-20 11:25:35,840 [Worker-48] INFO  o.e.m.c.i.embedder.EclipseLogger - Copying 0 resource
2018-02-20 11:32:24,171 [Worker-45] WARN  o.e.m.c.i.embedder.EclipseLogger - Using platform encoding (Cp1252 actually) to copy filtered resources, i.e. build is platform dependent!
2018-02-20 11:32:24,171 [Worker-45] INFO  o.e.m.c.i.embedder.EclipseLogger - Copying 3 resources
2018-02-20 11:32:24,171 [Worker-45] WARN  o.e.m.c.i.embedder.EclipseLogger - Using platform encoding (Cp1252 actually) to copy filtered resources, i.e. build is platform dependent!
2018-02-20 11:32:24,171 [Worker-45] INFO  o.e.m.c.i.embedder.EclipseLogger - Copying 0 resource
2018-02-20 11:32:31,992 [Worker-34] WARN  o.e.m.c.i.embedder.EclipseLogger - Using platform encoding (Cp1252 actually) to copy filtered resources, i.e. build is platform dependent!
2018-02-20 11:32:31,992 [Worker-34] INFO  o.e.m.c.i.embedder.EclipseLogger - Copying 3 resources
2018-02-20 11:32:31,992 [Worker-34] WARN  o.e.m.c.i.embedder.EclipseLogger - Using platform encoding (Cp1252 actually) to copy filtered resources, i.e. build is platform dependent!
2018-02-20 11:32:31,992 [Worker-34] INFO  o.e.m.c.i.embedder.EclipseLogger - Copying 0 resource
2018-02-20 11:32:37,610 [Worker-34] WARN  o.e.m.c.i.embedder.EclipseLogger - Using platform encoding (Cp1252 actually) to copy filtered resources, i.e. build is platform dependent!
2018-02-20 11:32:37,610 [Worker-34] INFO  o.e.m.c.i.embedder.EclipseLogger - Copying 3 resources
2018-02-20 11:32:37,610 [Worker-34] WARN  o.e.m.c.i.embedder.EclipseLogger - Using platform encoding (Cp1252 actually) to copy filtered resources, i.e. build is platform dependent!
2018-02-20 11:32:37,610 [Worker-34] INFO  o.e.m.c.i.embedder.EclipseLogger - Copying 0 resource
2018-02-20 11:33:14,697 [Worker-47] WARN  o.e.m.c.i.embedder.EclipseLogger - Using platform encoding (Cp1252 actually) to copy filtered resources, i.e. build is platform dependent!
2018-02-20 11:33:14,697 [Worker-47] INFO  o.e.m.c.i.embedder.EclipseLogger - Copying 3 resources
2018-02-20 11:33:14,697 [Worker-47] WARN  o.e.m.c.i.embedder.EclipseLogger - Using platform encoding (Cp1252 actually) to copy filtered resources, i.e. build is platform dependent!
2018-02-20 11:33:14,697 [Worker-47] INFO  o.e.m.c.i.embedder.EclipseLogger - Copying 0 resource
2018-02-20 11:37:52,042 [Worker-54] WARN  o.e.m.c.i.embedder.EclipseLogger - Using platform encoding (Cp1252 actually) to copy filtered resources, i.e. build is platform dependent!
2018-02-20 11:37:52,042 [Worker-54] INFO  o.e.m.c.i.embedder.EclipseLogger - Copying 3 resources
2018-02-20 11:37:52,042 [Worker-54] WARN  o.e.m.c.i.embedder.EclipseLogger - Using platform encoding (Cp1252 actually) to copy filtered resources, i.e. build is platform dependent!
2018-02-20 11:37:52,042 [Worker-54] INFO  o.e.m.c.i.embedder.EclipseLogger - Copying 0 resource
2018-02-20 11:37:58,859 [Worker-53] WARN  o.e.m.c.i.embedder.EclipseLogger - Using platform encoding (Cp1252 actually) to copy filtered resources, i.e. build is platform dependent!
2018-02-20 11:37:58,859 [Worker-53] INFO  o.e.m.c.i.embedder.EclipseLogger - Copying 3 resources
2018-02-20 11:37:58,859 [Worker-53] WARN  o.e.m.c.i.embedder.EclipseLogger - Using platform encoding (Cp1252 actually) to copy filtered resources, i.e. build is platform dependent!
2018-02-20 11:37:58,859 [Worker-53] INFO  o.e.m.c.i.embedder.EclipseLogger - Copying 0 resource
2018-02-20 11:38:59,373 [Worker-45] WARN  o.e.m.c.i.embedder.EclipseLogger - Using platform encoding (Cp1252 actually) to copy filtered resources, i.e. build is platform dependent!
2018-02-20 11:38:59,373 [Worker-45] INFO  o.e.m.c.i.embedder.EclipseLogger - Copying 3 resources
2018-02-20 11:38:59,373 [Worker-45] WARN  o.e.m.c.i.embedder.EclipseLogger - Using platform encoding (Cp1252 actually) to copy filtered resources, i.e. build is platform dependent!
2018-02-20 11:38:59,373 [Worker-45] INFO  o.e.m.c.i.embedder.EclipseLogger - Copying 0 resource
2018-02-20 11:39:29,848 [Worker-47] WARN  o.e.m.c.i.embedder.EclipseLogger - Using platform encoding (Cp1252 actually) to copy filtered resources, i.e. build is platform dependent!
2018-02-20 11:39:29,848 [Worker-47] INFO  o.e.m.c.i.embedder.EclipseLogger - Copying 3 resources
2018-02-20 11:39:29,848 [Worker-47] WARN  o.e.m.c.i.embedder.EclipseLogger - Using platform encoding (Cp1252 actually) to copy filtered resources, i.e. build is platform dependent!
2018-02-20 11:39:29,848 [Worker-47] INFO  o.e.m.c.i.embedder.EclipseLogger - Copying 0 resource
2018-02-20 11:40:37,979 [Worker-47] WARN  o.e.m.c.i.embedder.EclipseLogger - Using platform encoding (Cp1252 actually) to copy filtered resources, i.e. build is platform dependent!
2018-02-20 11:40:37,979 [Worker-47] INFO  o.e.m.c.i.embedder.EclipseLogger - Copying 3 resources
2018-02-20 11:40:37,979 [Worker-47] WARN  o.e.m.c.i.embedder.EclipseLogger - Using platform encoding (Cp1252 actually) to copy filtered resources, i.e. build is platform dependent!
2018-02-20 11:40:37,979 [Worker-47] INFO  o.e.m.c.i.embedder.EclipseLogger - Copying 0 resource
2018-02-20 11:42:45,346 [Worker-53] WARN  o.e.m.c.i.embedder.EclipseLogger - Using platform encoding (Cp1252 actually) to copy filtered resources, i.e. build is platform dependent!
2018-02-20 11:42:45,346 [Worker-53] INFO  o.e.m.c.i.embedder.EclipseLogger - Copying 3 resources
2018-02-20 11:42:45,346 [Worker-53] WARN  o.e.m.c.i.embedder.EclipseLogger - Using platform encoding (Cp1252 actually) to copy filtered resources, i.e. build is platform dependent!
2018-02-20 11:42:45,346 [Worker-53] INFO  o.e.m.c.i.embedder.EclipseLogger - Copying 0 resource
2018-02-20 11:44:35,769 [Worker-49] WARN  o.e.m.c.i.embedder.EclipseLogger - Using platform encoding (Cp1252 actually) to copy filtered resources, i.e. build is platform dependent!
2018-02-20 11:44:35,769 [Worker-49] INFO  o.e.m.c.i.embedder.EclipseLogger - Copying 3 resources
2018-02-20 11:44:35,769 [Worker-49] WARN  o.e.m.c.i.embedder.EclipseLogger - Using platform encoding (Cp1252 actually) to copy filtered resources, i.e. build is platform dependent!
2018-02-20 11:44:35,769 [Worker-49] INFO  o.e.m.c.i.embedder.EclipseLogger - Copying 0 resource
2018-02-20 11:48:39,321 [Worker-28] WARN  o.e.m.c.i.embedder.EclipseLogger - Using platform encoding (Cp1252 actually) to copy filtered resources, i.e. build is platform dependent!
2018-02-20 11:48:39,325 [Worker-28] INFO  o.e.m.c.i.embedder.EclipseLogger - Copying 3 resources
2018-02-20 11:48:39,328 [Worker-28] WARN  o.e.m.c.i.embedder.EclipseLogger - Using platform encoding (Cp1252 actually) to copy filtered resources, i.e. build is platform dependent!
2018-02-20 11:48:39,333 [Worker-28] INFO  o.e.m.c.i.embedder.EclipseLogger - Copying 0 resource
2018-02-20 11:51:06,209 [Worker-54] WARN  o.e.m.c.i.embedder.EclipseLogger - Using platform encoding (Cp1252 actually) to copy filtered resources, i.e. build is platform dependent!
2018-02-20 11:51:06,209 [Worker-54] INFO  o.e.m.c.i.embedder.EclipseLogger - Copying 3 resources
2018-02-20 11:51:06,209 [Worker-54] WARN  o.e.m.c.i.embedder.EclipseLogger - Using platform encoding (Cp1252 actually) to copy filtered resources, i.e. build is platform dependent!
2018-02-20 11:51:06,209 [Worker-54] INFO  o.e.m.c.i.embedder.EclipseLogger - Copying 0 resource
2018-02-20 11:51:41,779 [Worker-34] WARN  o.e.m.c.i.embedder.EclipseLogger - Using platform encoding (Cp1252 actually) to copy filtered resources, i.e. build is platform dependent!
2018-02-20 11:51:41,779 [Worker-34] INFO  o.e.m.c.i.embedder.EclipseLogger - Copying 3 resources
2018-02-20 11:51:41,779 [Worker-34] WARN  o.e.m.c.i.embedder.EclipseLogger - Using platform encoding (Cp1252 actually) to copy filtered resources, i.e. build is platform dependent!
2018-02-20 11:51:41,779 [Worker-34] INFO  o.e.m.c.i.embedder.EclipseLogger - Copying 0 resource
2018-02-20 11:54:16,278 [Worker-34] WARN  o.e.m.c.i.embedder.EclipseLogger - Using platform encoding (Cp1252 actually) to copy filtered resources, i.e. build is platform dependent!
2018-02-20 11:54:16,278 [Worker-34] INFO  o.e.m.c.i.embedder.EclipseLogger - Copying 3 resources
2018-02-20 11:54:16,278 [Worker-34] WARN  o.e.m.c.i.embedder.EclipseLogger - Using platform encoding (Cp1252 actually) to copy filtered resources, i.e. build is platform dependent!
2018-02-20 11:54:16,278 [Worker-34] INFO  o.e.m.c.i.embedder.EclipseLogger - Copying 0 resource
2018-02-20 11:55:06,812 [Worker-54] WARN  o.e.m.c.i.embedder.EclipseLogger - Using platform encoding (Cp1252 actually) to copy filtered resources, i.e. build is platform dependent!
2018-02-20 11:55:06,812 [Worker-54] INFO  o.e.m.c.i.embedder.EclipseLogger - Copying 3 resources
2018-02-20 11:55:06,812 [Worker-54] WARN  o.e.m.c.i.embedder.EclipseLogger - Using platform encoding (Cp1252 actually) to copy filtered resources, i.e. build is platform dependent!
2018-02-20 11:55:06,812 [Worker-54] INFO  o.e.m.c.i.embedder.EclipseLogger - Copying 0 resource
2018-02-20 11:56:03,692 [Worker-34] WARN  o.e.m.c.i.embedder.EclipseLogger - Using platform encoding (Cp1252 actually) to copy filtered resources, i.e. build is platform dependent!
2018-02-20 11:56:03,692 [Worker-34] INFO  o.e.m.c.i.embedder.EclipseLogger - Copying 3 resources
2018-02-20 11:56:03,692 [Worker-34] WARN  o.e.m.c.i.embedder.EclipseLogger - Using platform encoding (Cp1252 actually) to copy filtered resources, i.e. build is platform dependent!
2018-02-20 11:56:03,707 [Worker-34] INFO  o.e.m.c.i.embedder.EclipseLogger - Copying 0 resource
2018-02-20 12:00:39,054 [Worker-49] WARN  o.e.m.c.i.embedder.EclipseLogger - Using platform encoding (Cp1252 actually) to copy filtered resources, i.e. build is platform dependent!
2018-02-20 12:00:39,054 [Worker-49] INFO  o.e.m.c.i.embedder.EclipseLogger - Copying 3 resources
2018-02-20 12:00:39,054 [Worker-49] WARN  o.e.m.c.i.embedder.EclipseLogger - Using platform encoding (Cp1252 actually) to copy filtered resources, i.e. build is platform dependent!
2018-02-20 12:00:39,054 [Worker-49] INFO  o.e.m.c.i.embedder.EclipseLogger - Copying 0 resource
2018-02-20 12:02:52,438 [Worker-64] WARN  o.e.m.c.i.embedder.EclipseLogger - Using platform encoding (Cp1252 actually) to copy filtered resources, i.e. build is platform dependent!
2018-02-20 12:02:52,438 [Worker-64] INFO  o.e.m.c.i.embedder.EclipseLogger - Copying 3 resources
2018-02-20 12:02:52,438 [Worker-64] WARN  o.e.m.c.i.embedder.EclipseLogger - Using platform encoding (Cp1252 actually) to copy filtered resources, i.e. build is platform dependent!
2018-02-20 12:02:52,438 [Worker-64] INFO  o.e.m.c.i.embedder.EclipseLogger - Copying 0 resource
2018-02-20 12:05:50,005 [Worker-62] WARN  o.e.m.c.i.embedder.EclipseLogger - Using platform encoding (Cp1252 actually) to copy filtered resources, i.e. build is platform dependent!
2018-02-20 12:05:50,005 [Worker-62] INFO  o.e.m.c.i.embedder.EclipseLogger - Copying 3 resources
2018-02-20 12:05:50,005 [Worker-62] WARN  o.e.m.c.i.embedder.EclipseLogger - Using platform encoding (Cp1252 actually) to copy filtered resources, i.e. build is platform dependent!
2018-02-20 12:05:50,021 [Worker-62] INFO  o.e.m.c.i.embedder.EclipseLogger - Copying 0 resource
2018-02-20 12:06:29,145 [Worker-45] WARN  o.e.m.c.i.embedder.EclipseLogger - Using platform encoding (Cp1252 actually) to copy filtered resources, i.e. build is platform dependent!
2018-02-20 12:06:29,145 [Worker-45] INFO  o.e.m.c.i.embedder.EclipseLogger - Copying 3 resources
2018-02-20 12:06:29,145 [Worker-45] WARN  o.e.m.c.i.embedder.EclipseLogger - Using platform encoding (Cp1252 actually) to copy filtered resources, i.e. build is platform dependent!
2018-02-20 12:06:29,145 [Worker-45] INFO  o.e.m.c.i.embedder.EclipseLogger - Copying 0 resource
2018-02-20 12:08:15,169 [Worker-49] WARN  o.e.m.c.i.embedder.EclipseLogger - Using platform encoding (Cp1252 actually) to copy filtered resources, i.e. build is platform dependent!
2018-02-20 12:08:15,169 [Worker-49] INFO  o.e.m.c.i.embedder.EclipseLogger - Copying 3 resources
2018-02-20 12:08:15,169 [Worker-49] WARN  o.e.m.c.i.embedder.EclipseLogger - Using platform encoding (Cp1252 actually) to copy filtered resources, i.e. build is platform dependent!
2018-02-20 12:08:15,169 [Worker-49] INFO  o.e.m.c.i.embedder.EclipseLogger - Copying 0 resource
2018-02-20 12:08:29,084 [Worker-66] WARN  o.e.m.c.i.embedder.EclipseLogger - Using platform encoding (Cp1252 actually) to copy filtered resources, i.e. build is platform dependent!
2018-02-20 12:08:29,084 [Worker-66] INFO  o.e.m.c.i.embedder.EclipseLogger - Copying 3 resources
2018-02-20 12:08:29,084 [Worker-66] WARN  o.e.m.c.i.embedder.EclipseLogger - Using platform encoding (Cp1252 actually) to copy filtered resources, i.e. build is platform dependent!
2018-02-20 12:08:29,084 [Worker-66] INFO  o.e.m.c.i.embedder.EclipseLogger - Copying 0 resource
2018-02-20 12:09:49,989 [Worker-60] WARN  o.e.m.c.i.embedder.EclipseLogger - Using platform encoding (Cp1252 actually) to copy filtered resources, i.e. build is platform dependent!
2018-02-20 12:09:49,989 [Worker-60] INFO  o.e.m.c.i.embedder.EclipseLogger - Copying 3 resources
2018-02-20 12:09:49,989 [Worker-60] WARN  o.e.m.c.i.embedder.EclipseLogger - Using platform encoding (Cp1252 actually) to copy filtered resources, i.e. build is platform dependent!
2018-02-20 12:09:49,989 [Worker-60] INFO  o.e.m.c.i.embedder.EclipseLogger - Copying 0 resource
2018-02-20 12:09:53,577 [Worker-49] WARN  o.e.m.c.i.embedder.EclipseLogger - Using platform encoding (Cp1252 actually) to copy filtered resources, i.e. build is platform dependent!
2018-02-20 12:09:53,577 [Worker-49] INFO  o.e.m.c.i.embedder.EclipseLogger - Copying 3 resources
2018-02-20 12:09:53,577 [Worker-49] WARN  o.e.m.c.i.embedder.EclipseLogger - Using platform encoding (Cp1252 actually) to copy filtered resources, i.e. build is platform dependent!
2018-02-20 12:09:53,577 [Worker-49] INFO  o.e.m.c.i.embedder.EclipseLogger - Copying 0 resource
2018-02-20 12:12:16,959 [Worker-60] WARN  o.e.m.c.i.embedder.EclipseLogger - Using platform encoding (Cp1252 actually) to copy filtered resources, i.e. build is platform dependent!
2018-02-20 12:12:16,959 [Worker-60] INFO  o.e.m.c.i.embedder.EclipseLogger - Copying 3 resources
2018-02-20 12:12:16,959 [Worker-60] WARN  o.e.m.c.i.embedder.EclipseLogger - Using platform encoding (Cp1252 actually) to copy filtered resources, i.e. build is platform dependent!
2018-02-20 12:12:16,959 [Worker-60] INFO  o.e.m.c.i.embedder.EclipseLogger - Copying 0 resource
2018-02-20 12:15:41,608 [Worker-62] WARN  o.e.m.c.i.embedder.EclipseLogger - Using platform encoding (Cp1252 actually) to copy filtered resources, i.e. build is platform dependent!
2018-02-20 12:15:41,608 [Worker-62] INFO  o.e.m.c.i.embedder.EclipseLogger - Copying 3 resources
2018-02-20 12:15:41,608 [Worker-62] WARN  o.e.m.c.i.embedder.EclipseLogger - Using platform encoding (Cp1252 actually) to copy filtered resources, i.e. build is platform dependent!
2018-02-20 12:15:41,608 [Worker-62] INFO  o.e.m.c.i.embedder.EclipseLogger - Copying 0 resource
2018-02-20 12:16:10,477 [Worker-45] WARN  o.e.m.c.i.embedder.EclipseLogger - Using platform encoding (Cp1252 actually) to copy filtered resources, i.e. build is platform dependent!
2018-02-20 12:16:10,477 [Worker-45] INFO  o.e.m.c.i.embedder.EclipseLogger - Copying 3 resources
2018-02-20 12:16:10,477 [Worker-45] WARN  o.e.m.c.i.embedder.EclipseLogger - Using platform encoding (Cp1252 actually) to copy filtered resources, i.e. build is platform dependent!
2018-02-20 12:16:10,477 [Worker-45] INFO  o.e.m.c.i.embedder.EclipseLogger - Copying 0 resource
2018-02-20 12:32:05,886 [Worker-49] WARN  o.e.m.c.i.embedder.EclipseLogger - Using platform encoding (Cp1252 actually) to copy filtered resources, i.e. build is platform dependent!
2018-02-20 12:32:05,886 [Worker-49] INFO  o.e.m.c.i.embedder.EclipseLogger - Copying 3 resources
2018-02-20 12:32:05,886 [Worker-49] WARN  o.e.m.c.i.embedder.EclipseLogger - Using platform encoding (Cp1252 actually) to copy filtered resources, i.e. build is platform dependent!
2018-02-20 12:32:05,886 [Worker-49] INFO  o.e.m.c.i.embedder.EclipseLogger - Copying 0 resource
2018-02-20 13:04:15,140 [Worker-74] WARN  o.e.m.c.i.embedder.EclipseLogger - Using platform encoding (Cp1252 actually) to copy filtered resources, i.e. build is platform dependent!
2018-02-20 13:04:15,143 [Worker-74] INFO  o.e.m.c.i.embedder.EclipseLogger - Copying 3 resources
2018-02-20 13:04:15,145 [Worker-74] WARN  o.e.m.c.i.embedder.EclipseLogger - Using platform encoding (Cp1252 actually) to copy filtered resources, i.e. build is platform dependent!
2018-02-20 13:04:15,148 [Worker-74] INFO  o.e.m.c.i.embedder.EclipseLogger - Copying 0 resource
2018-02-20 13:05:42,389 [Worker-49] WARN  o.e.m.c.i.embedder.EclipseLogger - Using platform encoding (Cp1252 actually) to copy filtered resources, i.e. build is platform dependent!
2018-02-20 13:05:42,392 [Worker-49] INFO  o.e.m.c.i.embedder.EclipseLogger - Copying 3 resources
2018-02-20 13:05:42,395 [Worker-49] WARN  o.e.m.c.i.embedder.EclipseLogger - Using platform encoding (Cp1252 actually) to copy filtered resources, i.e. build is platform dependent!
2018-02-20 13:05:42,398 [Worker-49] INFO  o.e.m.c.i.embedder.EclipseLogger - Copying 0 resource
2018-02-20 13:10:35,188 [Worker-67] WARN  o.e.m.c.i.embedder.EclipseLogger - Using platform encoding (Cp1252 actually) to copy filtered resources, i.e. build is platform dependent!
2018-02-20 13:10:35,191 [Worker-67] INFO  o.e.m.c.i.embedder.EclipseLogger - Copying 3 resources
2018-02-20 13:10:35,194 [Worker-67] WARN  o.e.m.c.i.embedder.EclipseLogger - Using platform encoding (Cp1252 actually) to copy filtered resources, i.e. build is platform dependent!
2018-02-20 13:10:35,201 [Worker-67] INFO  o.e.m.c.i.embedder.EclipseLogger - Copying 0 resource
2018-02-20 13:11:19,381 [Worker-76] WARN  o.e.m.c.i.embedder.EclipseLogger - Using platform encoding (Cp1252 actually) to copy filtered resources, i.e. build is platform dependent!
2018-02-20 13:11:19,383 [Worker-76] INFO  o.e.m.c.i.embedder.EclipseLogger - Copying 3 resources
2018-02-20 13:11:19,383 [Worker-76] WARN  o.e.m.c.i.embedder.EclipseLogger - Using platform encoding (Cp1252 actually) to copy filtered resources, i.e. build is platform dependent!
2018-02-20 13:11:19,384 [Worker-76] INFO  o.e.m.c.i.embedder.EclipseLogger - Copying 0 resource
2018-02-20 13:20:32,129 [Worker-76] WARN  o.e.m.c.i.embedder.EclipseLogger - Using platform encoding (Cp1252 actually) to copy filtered resources, i.e. build is platform dependent!
2018-02-20 13:20:32,132 [Worker-76] INFO  o.e.m.c.i.embedder.EclipseLogger - Copying 3 resources
2018-02-20 13:20:32,134 [Worker-76] WARN  o.e.m.c.i.embedder.EclipseLogger - Using platform encoding (Cp1252 actually) to copy filtered resources, i.e. build is platform dependent!
2018-02-20 13:20:32,139 [Worker-76] INFO  o.e.m.c.i.embedder.EclipseLogger - Copying 0 resource
